[     836ms] [WARNING] ⚠️ React Router Future Flag Warning: React Router will begin wrapping state updates in `React.startTransition` in v7. You can use the `v7_startTransition` future flag to opt-in early. For more information, see https://reactrouter.com/v6/upgrading/future#v7_starttransition. @ http://localhost:5173/node_modules/.vite/deps/react-router-dom.js?v=d43d2ab9:4435
[     836ms] [WARNING] ⚠️ React Router Future Flag Warning: Relative route resolution within Splat routes is changing in v7. You can use the `v7_relativeSplatPath` future flag to opt-in early. For more information, see https://reactrouter.com/v6/upgrading/future#v7_relativesplatpath. @ http://localhost:5173/node_modules/.vite/deps/react-router-dom.js?v=d43d2ab9:4435
[     954ms] [ERROR] Failed to load resource: the server responded with a status of 404 (Not Found) @ http://localhost:5173/favicon.ico:0
[     954ms] [ERROR] Failed to load resource: the server responded with a status of 404 (Not Found) @ http://localhost:5173/favicon.ico:0
[   40884ms] TypeError: posts.map is not a function
    at HomePage (http://localhost:5173/src/pages/HomePage.jsx:176:56)
    at renderWithHooks (http://localhost:5173/node_modules/.vite/deps/chunk-PJEEZAML.js?v=d43d2ab9:11548:26)
    at updateFunctionComponent (http://localhost:5173/node_modules/.vite/deps/chunk-PJEEZAML.js?v=d43d2ab9:14582:28)
    at beginWork (http://localhost:5173/node_modules/.vite/deps/chunk-PJEEZAML.js?v=d43d2ab9:15924:22)
    at HTMLUnknownElement.callCallback2 (http://localhost:5173/node_modules/.vite/deps/chunk-PJEEZAML.js?v=d43d2ab9:3674:22)
    at Object.invokeGuardedCallbackDev (http://localhost:5173/node_modules/.vite/deps/chunk-PJEEZAML.js?v=d43d2ab9:3699:24)
    at invokeGuardedCallback (http://localhost:5173/node_modules/.vite/deps/chunk-PJEEZAML.js?v=d43d2ab9:3733:39)
    at beginWork$1 (http://localhost:5173/node_modules/.vite/deps/chunk-PJEEZAML.js?v=d43d2ab9:19765:15)
    at performUnitOfWork (http://localhost:5173/node_modules/.vite/deps/chunk-PJEEZAML.js?v=d43d2ab9:19198:20)
    at workLoopSync (http://localhost:5173/node_modules/.vite/deps/chunk-PJEEZAML.js?v=d43d2ab9:19137:13)
[   40886ms] TypeError: posts.map is not a function
    at HomePage (http://localhost:5173/src/pages/HomePage.jsx:176:56)
    at renderWithHooks (http://localhost:5173/node_modules/.vite/deps/chunk-PJEEZAML.js?v=d43d2ab9:11548:26)
    at updateFunctionComponent (http://localhost:5173/node_modules/.vite/deps/chunk-PJEEZAML.js?v=d43d2ab9:14582:28)
    at beginWork (http://localhost:5173/node_modules/.vite/deps/chunk-PJEEZAML.js?v=d43d2ab9:15924:22)
    at HTMLUnknownElement.callCallback2 (http://localhost:5173/node_modules/.vite/deps/chunk-PJEEZAML.js?v=d43d2ab9:3674:22)
    at Object.invokeGuardedCallbackDev (http://localhost:5173/node_modules/.vite/deps/chunk-PJEEZAML.js?v=d43d2ab9:3699:24)
    at invokeGuardedCallback (http://localhost:5173/node_modules/.vite/deps/chunk-PJEEZAML.js?v=d43d2ab9:3733:39)
    at beginWork$1 (http://localhost:5173/node_modules/.vite/deps/chunk-PJEEZAML.js?v=d43d2ab9:19765:15)
    at performUnitOfWork (http://localhost:5173/node_modules/.vite/deps/chunk-PJEEZAML.js?v=d43d2ab9:19198:20)
    at workLoopSync (http://localhost:5173/node_modules/.vite/deps/chunk-PJEEZAML.js?v=d43d2ab9:19137:13)
[   40882ms] [ERROR] The above error occurred in the <HomePage> component:

    at HomePage (http://localhost:5173/src/pages/HomePage.jsx:27:25)
    at RequireAuth (http://localhost:5173/src/components/RequireAuth.jsx:20:39)
    at RenderedRoute (http://localhost:5173/node_modules/.vite/deps/react-router-dom.js?v=d43d2ab9:4131:5)
    at Routes (http://localhost:5173/node_modules/.vite/deps/react-router-dom.js?v=d43d2ab9:4601:5)
    at main
    at E2 (http://localhost:5173/node_modules/.vite/deps/styled-components.js?v=d43d2ab9:1267:6)
    at Router (http://localhost:5173/node_modules/.vite/deps/react-router-dom.js?v=d43d2ab9:4544:15)
    at BrowserRouter (http://localhost:5173/node_modules/.vite/deps/react-router-dom.js?v=d43d2ab9:5290:5)
    at App
    at AuthProvider (http://localhost:5173/src/context/AuthContext.jsx:20:32)
    at Qe (http://localhost:5173/node_modules/.vite/deps/styled-components.js?v=d43d2ab9:1213:32)

Consider adding an error boundary to your tree to customize error handling behavior.
Visit https://reactjs.org/link/error-boundaries to learn more about error boundaries. @ http://localhost:5173/node_modules/.vite/deps/chunk-PJEEZAML.js?v=d43d2ab9:14031
[   40892ms] TypeError: posts.map is not a function
    at HomePage (http://localhost:5173/src/pages/HomePage.jsx:176:56)
    at renderWithHooks (http://localhost:5173/node_modules/.vite/deps/chunk-PJEEZAML.js?v=d43d2ab9:11548:26)
    at updateFunctionComponent (http://localhost:5173/node_modules/.vite/deps/chunk-PJEEZAML.js?v=d43d2ab9:14582:28)
    at beginWork (http://localhost:5173/node_modules/.vite/deps/chunk-PJEEZAML.js?v=d43d2ab9:15924:22)
    at beginWork$1 (http://localhost:5173/node_modules/.vite/deps/chunk-PJEEZAML.js?v=d43d2ab9:19753:22)
    at performUnitOfWork (http://localhost:5173/node_modules/.vite/deps/chunk-PJEEZAML.js?v=d43d2ab9:19198:20)
    at workLoopSync (http://localhost:5173/node_modules/.vite/deps/chunk-PJEEZAML.js?v=d43d2ab9:19137:13)
    at renderRootSync (http://localhost:5173/node_modules/.vite/deps/chunk-PJEEZAML.js?v=d43d2ab9:19116:15)
    at recoverFromConcurrentError (http://localhost:5173/node_modules/.vite/deps/chunk-PJEEZAML.js?v=d43d2ab9:18736:28)
    at performConcurrentWorkOnRoot (http://localhost:5173/node_modules/.vite/deps/chunk-PJEEZAML.js?v=d43d2ab9:18684:30)
